#
# There is insufficient memory for the Java Runtime Environment to continue.
# Native memory allocation (malloc) failed to allocate 32744 bytes. Error detail: Chunk::new
# Possible reasons:
#   The system is out of physical RAM or swap space
#   This process is running with CompressedOops enabled, and the Java Heap may be blocking the growth of the native heap
# Possible solutions:
#   Reduce memory load on the system
#   Increase physical memory or swap space
#   Check if swap backing store is full
#   Decrease Java heap size (-Xmx/-Xms)
#   Decrease number of Java threads
#   Decrease Java thread stack sizes (-Xss)
#   Set larger code cache with -XX:ReservedCodeCacheSize=
#   JVM is running with Unscaled Compressed Oops mode in which the Java heap is
#     placed in the first 4GB address space. The Java Heap base address is the
#     maximum limit for the native heap growth. Please use -XX:HeapBaseMinAddress
#     to set the Java Heap base and to place the Java Heap above 4GB virtual address.
# This output file may be truncated or incomplete.
#
#  Out of Memory Error (arena.cpp:168), pid=21960, tid=22212
#
# JRE version: OpenJDK Runtime Environment Temurin-21.0.9+10 (21.0.9+10) (build 21.0.9+10-LTS)
# Java VM: OpenJDK 64-Bit Server VM Temurin-21.0.9+10 (21.0.9+10-LTS, mixed mode, sharing, tiered, compressed oops, compressed class ptrs, parallel gc, windows-amd64)
# No core dump will be written. Minidumps are not enabled by default on client versions of Windows
#

---------------  S U M M A R Y ------------

Command Line: --add-modules=ALL-SYSTEM --add-opens=java.base/java.util=ALL-UNNAMED --add-opens=java.base/java.lang=ALL-UNNAMED --add-opens=java.base/sun.nio.fs=ALL-UNNAMED -Declipse.application=org.eclipse.jdt.ls.core.id1 -Dosgi.bundles.defaultStartLevel=4 -Declipse.product=org.eclipse.jdt.ls.core.product -Djava.import.generatesMetadataFilesAtProjectRoot=false -DDetectVMInstallationsJob.disabled=true -Dfile.encoding=utf8 -XX:+UseParallelGC -XX:GCTimeRatio=4 -XX:AdaptiveSizePolicyWeight=90 -Dsun.zip.disableMemoryMapping=true -Xmx2G -Xms100m -Xlog:disable -javaagent:c:\Users\vinay\.antigravity\extensions\redhat.java-1.52.0-win32-x64\lombok\lombok-1.18.39-4050.jar -XX:+HeapDumpOnOutOfMemoryError -XX:HeapDumpPath=c:\Users\vinay\AppData\Roaming\Antigravity\User\workspaceStorage\c31c18f6a53a35ad81a3c3ea289c4cfe\redhat.java -Daether.dependencyCollector.impl=bf c:\Users\vinay\.antigravity\extensions\redhat.java-1.52.0-win32-x64\server\plugins\org.eclipse.equinox.launcher_1.7.100.v20251111-0406.jar -configuration c:\Users\vinay\AppData\Roaming\Antigravity\User\globalStorage\redhat.java\1.52.0\config_win -data c:\Users\vinay\AppData\Roaming\Antigravity\User\workspaceStorage\c31c18f6a53a35ad81a3c3ea289c4cfe\redhat.java\jdt_ws --pipe=\\.\pipe\lsp-67900462b498d808feb2aa13090909f8-sock

Host: 12th Gen Intel(R) Core(TM) i7-12700, 20 cores, 15G,  Windows 11 , 64 bit Build 26100 (10.0.26100.7705)
Time: Thu Feb 12 21:01:42 2026 India Standard Time elapsed time: 0.437064 seconds (0d 0h 0m 0s)

---------------  T H R E A D  ---------------

Current thread (0x0000017267dd1090):  JavaThread "C1 CompilerThread1" daemon [_thread_in_native, id=22212, stack(0x00000055bfe00000,0x00000055bff00000) (1024K)]


Current CompileTask:
C1:437  708       3       java.util.jar.Manifest$FastInputStream::readLine (296 bytes)

Stack: [0x00000055bfe00000,0x00000055bff00000]
Native frames: (J=compiled Java code, j=interpreted, Vv=VM code, C=native code)
V  [jvm.dll+0x6d6e29]
V  [jvm.dll+0x8b4b76]
V  [jvm.dll+0x8b712e]
V  [jvm.dll+0x8b7813]
V  [jvm.dll+0x283d86]
V  [jvm.dll+0xc66ed]
V  [jvm.dll+0xc6c31]
V  [jvm.dll+0x1417ae]
V  [jvm.dll+0x140a67]
V  [jvm.dll+0x19c22b]
V  [jvm.dll+0x19c676]
V  [jvm.dll+0x157375]
V  [jvm.dll+0x156c17]
V  [jvm.dll+0x156e44]
V  [jvm.dll+0x15625c]
V  [jvm.dll+0x157fed]
V  [jvm.dll+0x25b29d]
V  [jvm.dll+0x25982a]
V  [jvm.dll+0x3f7ea6]
V  [jvm.dll+0x85e9ad]
V  [jvm.dll+0x6d565d]
C  [ucrtbase.dll+0x37b0]
C  [KERNEL32.DLL+0x2e8d7]
C  [ntdll.dll+0x8c40c]


---------------  P R O C E S S  ---------------

Threads class SMR info:
_java_thread_list=0x000001726e074b50, length=15, elements={
0x000001724d938240, 0x00000172668ad450, 0x000001724fea36a0, 0x000001724fea5dc0,
0x000001724fea8a20, 0x000001724feab480, 0x000001724fead390, 0x000001724feae1c0,
0x000001724feb02f0, 0x0000017267dd1090, 0x0000017267dd1730, 0x0000017267e01810,
0x0000017267f9bde0, 0x000001726e054970, 0x000001726e0e5640
}

Java Threads: ( => current thread )
  0x000001724d938240 JavaThread "main"                              [_thread_in_vm, id=19144, stack(0x00000055bf200000,0x00000055bf300000) (1024K)]
  0x00000172668ad450 JavaThread "Reference Handler"          daemon [_thread_blocked, id=8544, stack(0x00000055bf600000,0x00000055bf700000) (1024K)]
  0x000001724fea36a0 JavaThread "Finalizer"                  daemon [_thread_blocked, id=25144, stack(0x00000055bf700000,0x00000055bf800000) (1024K)]
  0x000001724fea5dc0 JavaThread "Signal Dispatcher"          daemon [_thread_blocked, id=12440, stack(0x00000055bf800000,0x00000055bf900000) (1024K)]
  0x000001724fea8a20 JavaThread "Attach Listener"            daemon [_thread_blocked, id=23928, stack(0x00000055bf900000,0x00000055bfa00000) (1024K)]
  0x000001724feab480 JavaThread "Service Thread"             daemon [_thread_blocked, id=17656, stack(0x00000055bfa00000,0x00000055bfb00000) (1024K)]
  0x000001724fead390 JavaThread "Monitor Deflation Thread"   daemon [_thread_blocked, id=16424, stack(0x00000055bfb00000,0x00000055bfc00000) (1024K)]
  0x000001724feae1c0 JavaThread "C2 CompilerThread0"         daemon [_thread_blocked, id=3748, stack(0x00000055bfc00000,0x00000055bfd00000) (1024K)]
  0x000001724feb02f0 JavaThread "C1 CompilerThread0"         daemon [_thread_blocked, id=13500, stack(0x00000055bfd00000,0x00000055bfe00000) (1024K)]
=>0x0000017267dd1090 JavaThread "C1 CompilerThread1"         daemon [_thread_in_native, id=22212, stack(0x00000055bfe00000,0x00000055bff00000) (1024K)]
  0x0000017267dd1730 JavaThread "C1 CompilerThread2"         daemon [_thread_blocked, id=8640, stack(0x00000055bff00000,0x00000055c0000000) (1024K)]
  0x0000017267e01810 JavaThread "C2 CompilerThread1"         daemon [_thread_in_native, id=13776, stack(0x00000055c0000000,0x00000055c0100000) (1024K)]
  0x0000017267f9bde0 JavaThread "Common-Cleaner"             daemon [_thread_blocked, id=24780, stack(0x00000055c0100000,0x00000055c0200000) (1024K)]
  0x000001726e054970 JavaThread "Notification Thread"        daemon [_thread_blocked, id=23628, stack(0x00000055c0200000,0x00000055c0300000) (1024K)]
  0x000001726e0e5640 JavaThread "C2 CompilerThread2"         daemon [_thread_in_native, id=11280, stack(0x00000055c0300000,0x00000055c0400000) (1024K)]
Total: 15

Other Threads:
  0x0000017267cd68e0 VMThread "VM Thread"                           [id=2808, stack(0x00000055bf500000,0x00000055bf600000) (1024K)]
  0x000001726678c0c0 WatcherThread "VM Periodic Task Thread"        [id=24900, stack(0x00000055bf400000,0x00000055bf500000) (1024K)]
  0x000001724fe1bc70 WorkerThread "GC Thread#0"                     [id=22444, stack(0x00000055bf300000,0x00000055bf400000) (1024K)]
Total: 3

Threads with active compile tasks:
C1 CompilerThread1  461  708       3       java.util.jar.Manifest$FastInputStream::readLine (296 bytes)
C2 CompilerThread1  461  680       4       lombok.patcher.scripts.MethodLevelPatchScript::patch (21 bytes)
C2 CompilerThread2  461  706       4       lombok.patcher.PatchScript::classMatches (41 bytes)
Total: 3

VM state: not at safepoint (normal execution)

VM Mutex/Monitor currently owned by a thread:  ([mutex/lock_event])
[0x00007ff9e679b4f0] Metaspace_lock - owner thread: 0x000001724d938240

Heap address: 0x0000000080000000, size: 2048 MB, Compressed Oops mode: 32-bit

CDS archive(s) mapped at: [0x0000017200000000-0x0000017200ba0000-0x0000017200ba0000), size 12189696, SharedBaseAddress: 0x0000017200000000, ArchiveRelocationMode: 1.
Compressed class space mapped at: 0x0000017201000000-0x0000017241000000, reserved size: 1073741824
Narrow klass base: 0x0000017200000000, Narrow klass shift: 0, Narrow klass range: 0x100000000

GC Precious Log:
 CardTable entry size: 512
 CPUs: 20 total, 20 available
 Memory: 16053M
 Large Page Support: Disabled
 NUMA Support: Disabled
 Compressed Oops: Enabled (32-bit)
 Alignments: Space 512K, Generation 512K, Heap 2M
 Heap Min Capacity: 100M
 Heap Initial Capacity: 100M
 Heap Max Capacity: 2G
 Pre-touch: Disabled
 Parallel Workers: 15

Heap:
 PSYoungGen      total 29696K, used 15451K [0x00000000d5580000, 0x00000000d7680000, 0x0000000100000000)
  eden space 25600K, 60% used [0x00000000d5580000,0x00000000d6496dd0,0x00000000d6e80000)
  from space 4096K, 0% used [0x00000000d7280000,0x00000000d7280000,0x00000000d7680000)
  to   space 4096K, 0% used [0x00000000d6e80000,0x00000000d6e80000,0x00000000d7280000)
 ParOldGen       total 68608K, used 0K [0x0000000080000000, 0x0000000084300000, 0x00000000d5580000)
  object space 68608K, 0% used [0x0000000080000000,0x0000000080000000,0x0000000084300000)
 Metaspace       used 2630K, committed 2816K, reserved 1114112K
  class space    used 272K, committed 384K, reserved 1048576K

Card table byte_map: [0x000001724f7b0000,0x000001724fbc0000] _byte_map_base: 0x000001724f3b0000

Marking Bits: (ParMarkBitMap*) 0x00007ff9e67a2460
 Begin Bits: [0x00000172622b0000, 0x00000172642b0000)
 End Bits:   [0x00000172642b0000, 0x00000172662b0000)

Polling page: 0x000001724dcd0000

Metaspace:

Usage:
  Non-class:      2.30 MB used.
      Class:    272.10 KB used.
       Both:      2.57 MB used.

Virtual space:
  Non-class space:       64.00 MB reserved,       2.38 MB (  4%) committed,  1 nodes.
      Class space:        1.00 GB reserved,     384.00 KB ( <1%) committed,  1 nodes.
             Both:        1.06 GB reserved,       2.75 MB ( <1%) committed. 

Chunk freelists:
   Non-Class:  11.65 MB
       Class:  15.67 MB
        Both:  27.32 MB

MaxMetaspaceSize: unlimited
CompressedClassSpaceSize: 1.00 GB
Initial GC threshold: 21.00 MB
Current GC threshold: 21.00 MB
CDS: on
 - commit_granule_bytes: 65536.
 - commit_granule_words: 8192.
 - virtual_space_node_default_size: 8388608.
 - enlarge_chunks_in_place: 1.
 - use_allocation_guard: 0.


Internal statistics:

num_allocs_failed_limit: 0.
num_arena_births: 80.
num_arena_deaths: 0.
num_vsnodes_births: 2.
num_vsnodes_deaths: 0.
num_space_committed: 44.
num_space_uncommitted: 0.
num_chunks_returned_to_freelist: 0.
num_chunks_taken_from_freelist: 102.
num_chunk_merges: 0.
num_chunk_splits: 72.
num_chunks_enlarged: 46.
num_inconsistent_stats: 0.

CodeHeap 'non-profiled nmethods': size=119168Kb used=259Kb max_used=259Kb free=118908Kb
 bounds [0x000001725aba0000, 0x000001725ae10000, 0x0000017262000000]
CodeHeap 'profiled nmethods': size=119104Kb used=1067Kb max_used=1067Kb free=118036Kb
 bounds [0x0000017253000000, 0x0000017253270000, 0x000001725a450000]
CodeHeap 'non-nmethods': size=7488Kb used=2309Kb max_used=2328Kb free=5179Kb
 bounds [0x000001725a450000, 0x000001725a6c0000, 0x000001725aba0000]
CodeCache: size=245760Kb, used=3635Kb, max_used=3654Kb, free=242123Kb
 total_blobs=1159, nmethods=718, adapters=346, full_count=0
Compilation: enabled, stopped_count=0, restarted_count=0

Compilation events (20 events):
Event: 0.428 Thread 0x000001724feb02f0  704       3       java.lang.invoke.LambdaForm$NamedFunction::returnType (11 bytes)
Event: 0.428 Thread 0x000001724feb02f0 nmethod 704 0x0000017253106490 code [0x00000172531066a0, 0x0000017253106bb8]
Event: 0.428 Thread 0x000001724feae1c0 nmethod 679 0x000001725abdc090 code [0x000001725abdc2a0, 0x000001725abdc9b8]
Event: 0.429 Thread 0x0000017267e01810 nmethod 696 0x000001725abdce90 code [0x000001725abdd060, 0x000001725abdd448]
Event: 0.429 Thread 0x000001724feae1c0  684       4       java.lang.CharacterData::of (136 bytes)
Event: 0.429 Thread 0x0000017267e01810  685       4       java.lang.CharacterDataLatin1::digit (32 bytes)
Event: 0.429 Thread 0x000001726e0e5640 nmethod 692 0x000001725abdd990 code [0x000001725abddb20, 0x000001725abdde00]
Event: 0.429 Thread 0x000001726e0e5640  693       4       java.lang.Character::digit (6 bytes)
Event: 0.429 Thread 0x000001724feae1c0 nmethod 684 0x000001725abddf90 code [0x000001725abde120, 0x000001725abde1b8]
Event: 0.429 Thread 0x000001724feae1c0  705       4       java.util.HashSet::iterator (13 bytes)
Event: 0.430 Thread 0x0000017267e01810 nmethod 685 0x000001725abde290 code [0x000001725abde420, 0x000001725abde540]
Event: 0.430 Thread 0x0000017267e01810  680       4       lombok.patcher.scripts.MethodLevelPatchScript::patch (21 bytes)
Event: 0.430 Thread 0x000001726e0e5640 nmethod 693 0x000001725abde690 code [0x000001725abde820, 0x000001725abde948]
Event: 0.430 Thread 0x000001726e0e5640  694       4       java.util.Arrays::checkLength (38 bytes)
Event: 0.431 Thread 0x000001726e0e5640 nmethod 694 0x000001725abdea90 code [0x000001725abdec20, 0x000001725abdeca8]
Event: 0.431 Thread 0x000001726e0e5640  706       4       lombok.patcher.PatchScript::classMatches (41 bytes)
Event: 0.432 Thread 0x0000017267dd1090  707       3       sun.security.util.DerInputStream::available (10 bytes)
Event: 0.432 Thread 0x0000017267dd1090 nmethod 707 0x0000017253106e10 code [0x0000017253106fa0, 0x00000172531070b0]
Event: 0.434 Thread 0x0000017267dd1090  708       3       java.util.jar.Manifest$FastInputStream::readLine (296 bytes)
Event: 0.434 Thread 0x000001724feb02f0  709       3       jdk.internal.util.ArraysSupport::vectorizedHashCode (158 bytes)

GC Heap History (0 events):
No events

Dll operation events (8 events):
Event: 0.010 Loaded shared library c:\Users\vinay\.antigravity\extensions\redhat.java-1.52.0-win32-x64\jre\21.0.9-win32-x86_64\bin\java.dll
Event: 0.097 Loaded shared library c:\Users\vinay\.antigravity\extensions\redhat.java-1.52.0-win32-x64\jre\21.0.9-win32-x86_64\bin\zip.dll
Event: 0.119 Loaded shared library C:\Users\vinay\.antigravity\extensions\redhat.java-1.52.0-win32-x64\jre\21.0.9-win32-x86_64\bin\instrument.dll
Event: 0.126 Loaded shared library C:\Users\vinay\.antigravity\extensions\redhat.java-1.52.0-win32-x64\jre\21.0.9-win32-x86_64\bin\net.dll
Event: 0.129 Loaded shared library C:\Users\vinay\.antigravity\extensions\redhat.java-1.52.0-win32-x64\jre\21.0.9-win32-x86_64\bin\nio.dll
Event: 0.133 Loaded shared library C:\Users\vinay\.antigravity\extensions\redhat.java-1.52.0-win32-x64\jre\21.0.9-win32-x86_64\bin\zip.dll
Event: 0.155 Loaded shared library C:\Users\vinay\.antigravity\extensions\redhat.java-1.52.0-win32-x64\jre\21.0.9-win32-x86_64\bin\jimage.dll
Event: 0.239 Loaded shared library c:\Users\vinay\.antigravity\extensions\redhat.java-1.52.0-win32-x64\jre\21.0.9-win32-x86_64\bin\verify.dll

Deoptimization events (20 events):
Event: 0.405 Thread 0x000001724d938240 Uncommon trap: trap_request=0xffffffde fr.pc=0x000001725abd714c relative=0x000000000000012c
Event: 0.405 Thread 0x000001724d938240 Uncommon trap: reason=class_check action=maybe_recompile pc=0x000001725abd714c method=jdk.internal.misc.Unsafe.allocateUninitializedArray(Ljava/lang/Class;I)Ljava/lang/Object; @ 51 c2
Event: 0.405 Thread 0x000001724d938240 DEOPT PACKING pc=0x000001725abd714c sp=0x00000055bf2fc3a0
Event: 0.405 Thread 0x000001724d938240 DEOPT UNPACKING pc=0x000001725a4a3aa2 sp=0x00000055bf2fc318 mode 2
Event: 0.405 Thread 0x000001724d938240 Uncommon trap: trap_request=0xffffffde fr.pc=0x000001725abd714c relative=0x000000000000012c
Event: 0.405 Thread 0x000001724d938240 Uncommon trap: reason=class_check action=maybe_recompile pc=0x000001725abd714c method=jdk.internal.misc.Unsafe.allocateUninitializedArray(Ljava/lang/Class;I)Ljava/lang/Object; @ 51 c2
Event: 0.405 Thread 0x000001724d938240 DEOPT PACKING pc=0x000001725abd714c sp=0x00000055bf2fc3a0
Event: 0.405 Thread 0x000001724d938240 DEOPT UNPACKING pc=0x000001725a4a3aa2 sp=0x00000055bf2fc318 mode 2
Event: 0.405 Thread 0x000001724d938240 Uncommon trap: trap_request=0xffffffde fr.pc=0x000001725abd714c relative=0x000000000000012c
Event: 0.405 Thread 0x000001724d938240 Uncommon trap: reason=class_check action=maybe_recompile pc=0x000001725abd714c method=jdk.internal.misc.Unsafe.allocateUninitializedArray(Ljava/lang/Class;I)Ljava/lang/Object; @ 51 c2
Event: 0.405 Thread 0x000001724d938240 DEOPT PACKING pc=0x000001725abd714c sp=0x00000055bf2fc3a0
Event: 0.405 Thread 0x000001724d938240 DEOPT UNPACKING pc=0x000001725a4a3aa2 sp=0x00000055bf2fc318 mode 2
Event: 0.405 Thread 0x000001724d938240 Uncommon trap: trap_request=0xffffffde fr.pc=0x000001725abd714c relative=0x000000000000012c
Event: 0.405 Thread 0x000001724d938240 Uncommon trap: reason=class_check action=maybe_recompile pc=0x000001725abd714c method=jdk.internal.misc.Unsafe.allocateUninitializedArray(Ljava/lang/Class;I)Ljava/lang/Object; @ 51 c2
Event: 0.405 Thread 0x000001724d938240 DEOPT PACKING pc=0x000001725abd714c sp=0x00000055bf2fc3e0
Event: 0.405 Thread 0x000001724d938240 DEOPT UNPACKING pc=0x000001725a4a3aa2 sp=0x00000055bf2fc358 mode 2
Event: 0.411 Thread 0x000001724d938240 Uncommon trap: trap_request=0xffffff45 fr.pc=0x000001725abc1d74 relative=0x00000000000000d4
Event: 0.411 Thread 0x000001724d938240 Uncommon trap: reason=unstable_if action=reinterpret pc=0x000001725abc1d74 method=java.net.URI.match(CJJ)Z @ 45 c2
Event: 0.411 Thread 0x000001724d938240 DEOPT PACKING pc=0x000001725abc1d74 sp=0x00000055bf2fd100
Event: 0.411 Thread 0x000001724d938240 DEOPT UNPACKING pc=0x000001725a4a3aa2 sp=0x00000055bf2fd068 mode 2

Classes loaded (20 events):
Event: 0.425 Loading class sun/security/util/DisabledAlgorithmConstraints$Constraints$Holder
Event: 0.425 Loading class sun/security/util/DisabledAlgorithmConstraints$Constraints$Holder done
Event: 0.426 Loading class java/util/regex/Pattern$BnM
Event: 0.427 Loading class java/util/regex/Pattern$BnM done
Event: 0.427 Loading class java/util/regex/Pattern$SliceS
Event: 0.427 Loading class java/util/regex/Pattern$SliceS done
Event: 0.427 Loading class sun/security/util/DisabledAlgorithmConstraints$DenyAfterConstraint
Event: 0.427 Loading class sun/security/util/DisabledAlgorithmConstraints$DenyAfterConstraint done
Event: 0.429 Loading class java/time/ZonedDateTime
Event: 0.429 Loading class java/time/chrono/ChronoZonedDateTime
Event: 0.429 Loading class java/time/chrono/ChronoZonedDateTime done
Event: 0.429 Loading class java/time/ZonedDateTime done
Event: 0.431 Loading class java/time/zone/ZoneOffsetTransition
Event: 0.432 Loading class java/time/zone/ZoneOffsetTransition done
Event: 0.432 Loading class java/util/Collections$SingletonList
Event: 0.432 Loading class java/util/Collections$SingletonList done
Event: 0.432 Loading class sun/security/pkcs/PKCS9Attributes
Event: 0.433 Loading class sun/security/pkcs/PKCS9Attributes done
Event: 0.433 Loading class sun/security/pkcs/PKCS9Attribute
Event: 0.433 Loading class sun/security/pkcs/PKCS9Attribute done

Classes unloaded (0 events):
No events

Classes redefined (0 events):
No events

Internal exceptions (12 events):
Event: 0.093 Thread 0x000001724d938240 Exception <a 'java/lang/NoSuchMethodError'{0x00000000d57a9df0}: 'void java.lang.invoke.DirectMethodHandle$Holder.invokeStatic(java.lang.Object, java.lang.Object, java.lang.Object)'> (0x00000000d57a9df0) 
thrown [s\src\hotspot\share\interpreter\linkResolver.cpp, line 773]
Event: 0.147 Thread 0x000001724d938240 Exception <a 'java/lang/NoSuchMethodError'{0x00000000d5993118}: 'java.lang.Object java.lang.invoke.Invokers$Holder.invokeExact_MT(java.lang.Object, java.lang.Object, java.lang.Object, java.lang.Object, java.lang.Object)'> (0x00000000d5993118) 
thrown [s\src\hotspot\share\interpreter\linkResolver.cpp, line 773]
Event: 0.194 Thread 0x000001724d938240 Exception <a 'java/lang/NoSuchMethodError'{0x00000000d5acc588}: 'int java.lang.invoke.DirectMethodHandle$Holder.invokeSpecial(java.lang.Object, java.lang.Object, java.lang.Object, int)'> (0x00000000d5acc588) 
thrown [s\src\hotspot\share\interpreter\linkResolver.cpp, line 773]
Event: 0.196 Thread 0x000001724d938240 Exception <a 'java/lang/NoSuchMethodError'{0x00000000d5adef70}: 'java.lang.Object java.lang.invoke.DirectMethodHandle$Holder.invokeStatic(java.lang.Object, java.lang.Object, java.lang.Object, java.lang.Object, int)'> (0x00000000d5adef70) 
thrown [s\src\hotspot\share\interpreter\linkResolver.cpp, line 773]
Event: 0.198 Thread 0x000001724d938240 Exception <a 'java/lang/NoSuchMethodError'{0x00000000d5aea3b0}: 'void java.lang.invoke.DelegatingMethodHandle$Holder.reinvoke_L(java.lang.Object, java.lang.Object, java.lang.Object, int, java.lang.Object)'> (0x00000000d5aea3b0) 
thrown [s\src\hotspot\share\interpreter\linkResolver.cpp, line 773]
Event: 0.202 Thread 0x000001724d938240 Exception <a 'java/lang/NoSuchMethodError'{0x00000000d5afad00}: 'int java.lang.invoke.DirectMethodHandle$Holder.invokeSpecial(java.lang.Object, java.lang.Object, java.lang.Object)'> (0x00000000d5afad00) 
thrown [s\src\hotspot\share\interpreter\linkResolver.cpp, line 773]
Event: 0.205 Thread 0x000001724d938240 Exception <a 'java/lang/NoSuchMethodError'{0x00000000d5b069c0}: 'java.lang.Object java.lang.invoke.DirectMethodHandle$Holder.invokeStatic(java.lang.Object, java.lang.Object, int)'> (0x00000000d5b069c0) 
thrown [s\src\hotspot\share\interpreter\linkResolver.cpp, line 773]
Event: 0.206 Thread 0x000001724d938240 Exception <a 'java/lang/NoSuchMethodError'{0x00000000d5b0b310}: 'void java.lang.invoke.DirectMethodHandle$Holder.invokeStatic(java.lang.Object, java.lang.Object, int, java.lang.Object)'> (0x00000000d5b0b310) 
thrown [s\src\hotspot\share\interpreter\linkResolver.cpp, line 773]
Event: 0.206 Thread 0x000001724d938240 Exception <a 'java/lang/NoSuchMethodError'{0x00000000d5b0eea0}: 'void java.lang.invoke.DirectMethodHandle$Holder.invokeSpecial(java.lang.Object, java.lang.Object, java.lang.Object, int, java.lang.Object)'> (0x00000000d5b0eea0) 
thrown [s\src\hotspot\share\interpreter\linkResolver.cpp, line 773]
Event: 0.207 Thread 0x000001724d938240 Exception <a 'java/lang/NoSuchMethodError'{0x00000000d5b12570}: 'void java.lang.invoke.DelegatingMethodHandle$Holder.delegate(java.lang.Object, java.lang.Object, int, java.lang.Object)'> (0x00000000d5b12570) 
thrown [s\src\hotspot\share\interpreter\linkResolver.cpp, line 773]
Event: 0.265 Thread 0x000001724d938240 Exception <a 'java/lang/NoSuchMethodError'{0x00000000d5cd3310}: 'void java.lang.invoke.DelegatingMethodHandle$Holder.reinvoke_L(java.lang.Object, java.lang.Object, java.lang.Object, int)'> (0x00000000d5cd3310) 
thrown [s\src\hotspot\share\interpreter\linkResolver.cpp, line 773]
Event: 0.395 Thread 0x000001724d938240 Exception <a 'java/lang/NoSuchMethodError'{0x00000000d6160660}: 'void java.lang.invoke.DirectMethodHandle$Holder.invokeVirtual(java.lang.Object, java.lang.Object)'> (0x00000000d6160660) 
thrown [s\src\hotspot\share\interpreter\linkResolver.cpp, line 773]

ZGC Phase Switch (0 events):
No events

VM Operations (4 events):
Event: 0.095 Executing VM operation: HandshakeAllThreads (Deoptimize)
Event: 0.095 Executing VM operation: HandshakeAllThreads (Deoptimize) done
Event: 0.171 Executing VM operation: HandshakeAllThreads (Deoptimize)
Event: 0.171 Executing VM operation: HandshakeAllThreads (Deoptimize) done

Memory protections (0 events):
No events

Nmethod flushes (0 events):
No events

Events (15 events):
Event: 0.034 Thread 0x000001724d938240 Thread added: 0x000001724d938240
Event: 0.056 Thread 0x000001724d938240 Thread added: 0x00000172668ad450
Event: 0.056 Thread 0x000001724d938240 Thread added: 0x000001724fea36a0
Event: 0.057 Thread 0x000001724d938240 Thread added: 0x000001724fea5dc0
Event: 0.057 Thread 0x000001724d938240 Thread added: 0x000001724fea8a20
Event: 0.057 Thread 0x000001724d938240 Thread added: 0x000001724feab480
Event: 0.058 Thread 0x000001724d938240 Thread added: 0x000001724fead390
Event: 0.058 Thread 0x000001724d938240 Thread added: 0x000001724feae1c0
Event: 0.058 Thread 0x000001724d938240 Thread added: 0x000001724feb02f0
Event: 0.095 Thread 0x000001724feb02f0 Thread added: 0x0000017267dd1090
Event: 0.095 Thread 0x000001724feb02f0 Thread added: 0x0000017267dd1730
Event: 0.103 Thread 0x000001724feb02f0 Thread added: 0x0000017267e01810
Event: 0.123 Thread 0x000001724d938240 Thread added: 0x0000017267f9bde0
Event: 0.338 Thread 0x000001724d938240 Thread added: 0x000001726e054970
Event: 0.423 Thread 0x0000017267dd1730 Thread added: 0x000001726e0e5640


Dynamic libraries:
0x00007ff7f7080000 - 0x00007ff7f708e000 	c:\Users\vinay\.antigravity\extensions\redhat.java-1.52.0-win32-x64\jre\21.0.9-win32-x86_64\bin\java.exe
0x00007ffa769a0000 - 0x00007ffa76c08000 	C:\WINDOWS\SYSTEM32\ntdll.dll
0x00007ffa75340000 - 0x00007ffa75409000 	C:\WINDOWS\System32\KERNEL32.DLL
0x00007ffa741d0000 - 0x00007ffa745c1000 	C:\WINDOWS\System32\KERNELBASE.dll
0x00007ffa73280000 - 0x00007ffa733cb000 	C:\WINDOWS\System32\ucrtbase.dll
0x00007ffa00580000 - 0x00007ffa00598000 	c:\Users\vinay\.antigravity\extensions\redhat.java-1.52.0-win32-x64\jre\21.0.9-win32-x86_64\bin\jli.dll
0x00007ffa75cf0000 - 0x00007ffa75eb6000 	C:\WINDOWS\System32\USER32.dll
0x00007ffa745d0000 - 0x00007ffa745f7000 	C:\WINDOWS\System32\win32u.dll
0x00007ffa75310000 - 0x00007ffa7533b000 	C:\WINDOWS\System32\GDI32.dll
0x00007ffa73600000 - 0x00007ffa7372b000 	C:\WINDOWS\System32\gdi32full.dll
0x00007ffa73550000 - 0x00007ffa735f3000 	C:\WINDOWS\System32\msvcp_win.dll
0x00007ff9fc190000 - 0x00007ff9fc1ae000 	c:\Users\vinay\.antigravity\extensions\redhat.java-1.52.0-win32-x64\jre\21.0.9-win32-x86_64\bin\VCRUNTIME140.dll
0x00007ffa5ab60000 - 0x00007ffa5adf3000 	C:\WINDOWS\WinSxS\amd64_microsoft.windows.common-controls_6595b64144ccf1df_6.0.26100.7824_none_3e0870b2e3345462\COMCTL32.dll
0x00007ffa761f0000 - 0x00007ffa76299000 	C:\WINDOWS\System32\msvcrt.dll
0x00007ffa749b0000 - 0x00007ffa749e1000 	C:\WINDOWS\System32\IMM32.DLL
0x00007ffa36020000 - 0x00007ffa3602c000 	c:\Users\vinay\.antigravity\extensions\redhat.java-1.52.0-win32-x64\jre\21.0.9-win32-x86_64\bin\vcruntime140_1.dll
0x00007ff9fa8e0000 - 0x00007ff9fa96d000 	c:\Users\vinay\.antigravity\extensions\redhat.java-1.52.0-win32-x64\jre\21.0.9-win32-x86_64\bin\msvcp140.dll
0x00007ff9e5ae0000 - 0x00007ff9e6880000 	c:\Users\vinay\.antigravity\extensions\redhat.java-1.52.0-win32-x64\jre\21.0.9-win32-x86_64\bin\server\jvm.dll
0x00007ffa74740000 - 0x00007ffa747f4000 	C:\WINDOWS\System32\ADVAPI32.dll
0x00007ffa75410000 - 0x00007ffa754b6000 	C:\WINDOWS\System32\sechost.dll
0x00007ffa763b0000 - 0x00007ffa764c8000 	C:\WINDOWS\System32\RPCRT4.dll
0x00007ffa74c20000 - 0x00007ffa74c94000 	C:\WINDOWS\System32\WS2_32.dll
0x00007ffa730e0000 - 0x00007ffa7313e000 	C:\WINDOWS\SYSTEM32\POWRPROF.dll
0x00007ffa6c450000 - 0x00007ffa6c45b000 	C:\WINDOWS\SYSTEM32\VERSION.dll
0x00007ffa66e10000 - 0x00007ffa66e45000 	C:\WINDOWS\SYSTEM32\WINMM.dll
0x00007ffa730c0000 - 0x00007ffa730d4000 	C:\WINDOWS\SYSTEM32\UMPDC.dll
0x00007ffa71ff0000 - 0x00007ffa7200b000 	C:\WINDOWS\SYSTEM32\kernel.appcore.dll
0x00007ffa35b80000 - 0x00007ffa35b8a000 	c:\Users\vinay\.antigravity\extensions\redhat.java-1.52.0-win32-x64\jre\21.0.9-win32-x86_64\bin\jimage.dll
0x00007ffa66280000 - 0x00007ffa664c2000 	C:\WINDOWS\SYSTEM32\DBGHELP.DLL
0x00007ffa74f80000 - 0x00007ffa75306000 	C:\WINDOWS\System32\combase.dll
0x00007ffa74e20000 - 0x00007ffa74ef7000 	C:\WINDOWS\System32\OLEAUT32.dll
0x00007ffa52000000 - 0x00007ffa5203b000 	C:\WINDOWS\SYSTEM32\dbgcore.DLL
0x00007ffa74600000 - 0x00007ffa746a5000 	C:\WINDOWS\System32\bcryptPrimitives.dll
0x00007ffa2b100000 - 0x00007ffa2b10f000 	c:\Users\vinay\.antigravity\extensions\redhat.java-1.52.0-win32-x64\jre\21.0.9-win32-x86_64\bin\instrument.dll
0x00007ff9fc170000 - 0x00007ff9fc190000 	c:\Users\vinay\.antigravity\extensions\redhat.java-1.52.0-win32-x64\jre\21.0.9-win32-x86_64\bin\java.dll
0x00007ffa754c0000 - 0x00007ffa75c12000 	C:\WINDOWS\System32\SHELL32.dll
0x00007ffa74060000 - 0x00007ffa741ca000 	C:\WINDOWS\System32\wintypes.dll
0x00007ffa73730000 - 0x00007ffa73f93000 	C:\WINDOWS\System32\windows.storage.dll
0x00007ffa75ec0000 - 0x00007ffa75fb6000 	C:\WINDOWS\System32\SHCORE.dll
0x00007ffa76320000 - 0x00007ffa76387000 	C:\WINDOWS\System32\shlwapi.dll
0x00007ffa731a0000 - 0x00007ffa731c9000 	C:\WINDOWS\SYSTEM32\profapi.dll
0x00007ff9fb1e0000 - 0x00007ff9fb1f8000 	c:\Users\vinay\.antigravity\extensions\redhat.java-1.52.0-win32-x64\jre\21.0.9-win32-x86_64\bin\zip.dll
0x00007ffa35380000 - 0x00007ffa35390000 	C:\Users\vinay\.antigravity\extensions\redhat.java-1.52.0-win32-x64\jre\21.0.9-win32-x86_64\bin\net.dll
0x00007ffa6ce10000 - 0x00007ffa6cf37000 	C:\WINDOWS\SYSTEM32\WINHTTP.dll
0x00007ffa72570000 - 0x00007ffa725db000 	C:\WINDOWS\system32\mswsock.dll
0x00007ff9fb1c0000 - 0x00007ff9fb1d6000 	C:\Users\vinay\.antigravity\extensions\redhat.java-1.52.0-win32-x64\jre\21.0.9-win32-x86_64\bin\nio.dll
0x00007ffa2a3a0000 - 0x00007ffa2a3b0000 	c:\Users\vinay\.antigravity\extensions\redhat.java-1.52.0-win32-x64\jre\21.0.9-win32-x86_64\bin\verify.dll

JVMTI agents:
c:\Users\vinay\.antigravity\extensions\redhat.java-1.52.0-win32-x64\lombok\lombok-1.18.39-4050.jar path:c:\Users\vinay\.antigravity\extensions\redhat.java-1.52.0-win32-x64\jre\21.0.9-win32-x86_64\bin\instrument.dll, loaded, initialized, instrumentlib options:none

dbghelp: loaded successfully - version: 4.0.5 - missing functions: none
symbol engine: initialized successfully - sym options: 0x614 - pdb path: .;c:\Users\vinay\.antigravity\extensions\redhat.java-1.52.0-win32-x64\jre\21.0.9-win32-x86_64\bin;C:\WINDOWS\SYSTEM32;C:\WINDOWS\WinSxS\amd64_microsoft.windows.common-controls_6595b64144ccf1df_6.0.26100.7824_none_3e0870b2e3345462;c:\Users\vinay\.antigravity\extensions\redhat.java-1.52.0-win32-x64\jre\21.0.9-win32-x86_64\bin\server

VM Arguments:
jvm_args: --add-modules=ALL-SYSTEM --add-opens=java.base/java.util=ALL-UNNAMED --add-opens=java.base/java.lang=ALL-UNNAMED --add-opens=java.base/sun.nio.fs=ALL-UNNAMED -Declipse.application=org.eclipse.jdt.ls.core.id1 -Dosgi.bundles.defaultStartLevel=4 -Declipse.product=org.eclipse.jdt.ls.core.product -Djava.import.generatesMetadataFilesAtProjectRoot=false -DDetectVMInstallationsJob.disabled=true -Dfile.encoding=utf8 -XX:+UseParallelGC -XX:GCTimeRatio=4 -XX:AdaptiveSizePolicyWeight=90 -Dsun.zip.disableMemoryMapping=true -Xmx2G -Xms100m -Xlog:disable -javaagent:c:\Users\vinay\.antigravity\extensions\redhat.java-1.52.0-win32-x64\lombok\lombok-1.18.39-4050.jar -XX:+HeapDumpOnOutOfMemoryError -XX:HeapDumpPath=c:\Users\vinay\AppData\Roaming\Antigravity\User\workspaceStorage\c31c18f6a53a35ad81a3c3ea289c4cfe\redhat.java -Daether.dependencyCollector.impl=bf 
java_command: c:\Users\vinay\.antigravity\extensions\redhat.java-1.52.0-win32-x64\server\plugins\org.eclipse.equinox.launcher_1.7.100.v20251111-0406.jar -configuration c:\Users\vinay\AppData\Roaming\Antigravity\User\globalStorage\redhat.java\1.52.0\config_win -data c:\Users\vinay\AppData\Roaming\Antigravity\User\workspaceStorage\c31c18f6a53a35ad81a3c3ea289c4cfe\redhat.java\jdt_ws --pipe=\\.\pipe\lsp-67900462b498d808feb2aa13090909f8-sock
java_class_path (initial): c:\Users\vinay\.antigravity\extensions\redhat.java-1.52.0-win32-x64\server\plugins\org.eclipse.equinox.launcher_1.7.100.v20251111-0406.jar
Launcher Type: SUN_STANDARD

[Global flags]
    uintx AdaptiveSizePolicyWeight                 = 90                                        {product} {command line}
     intx CICompilerCount                          = 12                                        {product} {ergonomic}
    uintx GCTimeRatio                              = 4                                         {product} {command line}
     bool HeapDumpOnOutOfMemoryError               = true                                   {manageable} {command line}
    ccstr HeapDumpPath                             = c:\Users\vinay\AppData\Roaming\Antigravity\User\workspaceStorage\c31c18f6a53a35ad81a3c3ea289c4cfe\redhat.java         {manageable} {command line}
   size_t InitialHeapSize                          = 104857600                                 {product} {command line}
   size_t MaxHeapSize                              = 2147483648                                {product} {command line}
   size_t MaxNewSize                               = 715653120                                 {product} {ergonomic}
   size_t MinHeapDeltaBytes                        = 524288                                    {product} {ergonomic}
   size_t MinHeapSize                              = 104857600                                 {product} {command line}
   size_t NewSize                                  = 34603008                                  {product} {ergonomic}
    uintx NonNMethodCodeHeapSize                   = 7602480                                {pd product} {ergonomic}
    uintx NonProfiledCodeHeapSize                  = 122027880                              {pd product} {ergonomic}
   size_t OldSize                                  = 70254592                                  {product} {ergonomic}
    uintx ProfiledCodeHeapSize                     = 122027880                              {pd product} {ergonomic}
    uintx ReservedCodeCacheSize                    = 251658240                              {pd product} {ergonomic}
     bool SegmentedCodeCache                       = true                                      {product} {ergonomic}
   size_t SoftMaxHeapSize                          = 2147483648                             {manageable} {ergonomic}
     bool UseCompressedOops                        = true                           {product lp64_product} {ergonomic}
     bool UseLargePagesIndividualAllocation        = false                                  {pd product} {ergonomic}
     bool UseParallelGC                            = true                                      {product} {command line}

Logging:
Log output configuration:
 #0: stdout all=off uptime,level,tags foldmultilines=false
 #1: stderr all=off uptime,level,tags foldmultilines=false

Release file:
<release file has not been read>
Environment Variables:
JAVA_HOME=C:\Users\vinay\AppData\Local\Programs\Java\jdk-17.0.2
PATH=C:\Program Files\Eclipse Adoptium\jdk-17.0.17.10-hotspot\bin;C:\WINDOWS\system32;C:\WINDOWS;C:\WINDOWS\System32\Wbem;C:\WINDOWS\System32\WindowsPowerShell\v1.0\;C:\WINDOWS\System32\OpenSSH\;C:\Program Files\Git\cmd;C:\Program Files\GitHub CLI\;C:\Users\vinay\AppData\Local\nvm;C:\nvm4w\nodejs;E:\flutter\bin;C:\Program Files (x86)\Windows Kits\10\Windows Performance Toolkit\;C:\Users\vinay\AppData\Local\Programs\Python\Python310\Scripts\;C:\Users\vinay\AppData\Local\Programs\Python\Python310\;E:\Downloads\Scripts\;E:\Downloads\;c:\Users\vinay\AppData\Local\Programs\Trae\bin;C:\Users\vinay\AppData\Local\Programs\Python\Python313\Scripts\;C:\Users\vinay\AppData\Local\Programs\Python\Python313\;C:\Users\vinay\AppData\Local\Programs\Python\Launcher\;C:\Users\vinay\AppData\Local\Microsoft\WindowsApps;C:\Users\vinay\AppData\Local\Programs\Microsoft VS Code\bin;C:\Users\vinay\AppData\Roaming\npm;C:\Users\vinay\AppData\Local\nvm;C:\nvm4w\nodejs;C:\Users\vinay\AppData\Local\Programs\Java\jdk-11.0.2\bin;C:\Users\vinay\AppData\Local\Programs\Windsurf\bin;C:\Users\vinay\AppData\Local\Programs\Antigravity\bin;E:\flutter\bin;E:\Google-cloud\google-cloud-sdk\bin;C:\Users\vinay\AppData\Local\Microsoft\WinGet\Links;
USERNAME=vinay
OS=Windows_NT
PROCESSOR_IDENTIFIER=Intel64 Family 6 Model 151 Stepping 2, GenuineIntel
TMP=E:\pip-temp
TEMP=E:\pip-temp




Periodic native trim disabled

---------------  S Y S T E M  ---------------

OS:
 Windows 11 , 64 bit Build 26100 (10.0.26100.7705)
OS uptime: 0 days 6:28 hours
Hyper-V role detected

CPU: total 20 (initial active 20) (10 cores per cpu, 2 threads per core) family 6 model 151 stepping 2 microcode 0x3a, cx8, cmov, fxsr, ht, mmx, 3dnowpref, sse, sse2, sse3, ssse3, sse4.1, sse4.2, popcnt, lzcnt, tsc, tscinvbit, avx, avx2, aes, erms, clmul, bmi1, bmi2, adx, sha, fma, vzeroupper, clflush, clflushopt, clwb, hv, serialize, rdtscp, rdpid, fsrm, f16c, cet_ibt, cet_ss
Processor Information for the first 20 processors :
  Max Mhz: 2100, Current Mhz: 2100, Mhz Limit: 2100

Memory: 4k page, system-wide physical 16053M (1673M free)
TotalPageFile size 33725M (AvailPageFile size 1M)
current process WorkingSet (physical memory assigned to process): 60M, peak: 60M
current process commit charge ("private bytes"): 252M, peak: 252M

vm_info: OpenJDK 64-Bit Server VM (21.0.9+10-LTS) for windows-amd64 JRE (21.0.9+10-LTS), built on 2025-10-21T00:00:00Z by "admin" with unknown MS VC++:1942

END.
